<?xml version="1.0" encoding="UTF-8" standalone="no"?>
<!DOCTYPE log SYSTEM "logger.dtd">
<log>
<record>
  <date>2024-08-21T08:33:06.545684Z</date>
  <millis>1724229186545</millis>
  <nanos>684000</nanos>
  <sequence>0</sequence>
  <level>START</level>
  <class>com.kms.katalon.core.logging.XmlKeywordLogger</class>
  <method>startSuite</method>
  <thread>1</thread>
  <message>Start Test Suite : Test Suites/TS1</message>
  <nestedLevel>0</nestedLevel>
  <escapedJava>false</escapedJava>
  <property name="rerunTestFailImmediately">true</property>
  <property name="retryCount">3</property>
  <property name="name">TS1</property>
  <property name="description"></property>
  <property name="id">Test Suites/TS1</property>
</record>
<record>
  <date>2024-08-21T08:33:06.551536Z</date>
  <millis>1724229186551</millis>
  <nanos>536000</nanos>
  <sequence>1</sequence>
  <level>RUN_DATA</level>
  <class>com.kms.katalon.core.logging.XmlKeywordLogger</class>
  <method>logMessage</method>
  <thread>1</thread>
  <message>hostName = phamvanbinh - localhost</message>
  <nestedLevel>0</nestedLevel>
  <escapedJava>false</escapedJava>
  <property name="hostName">phamvanbinh - localhost</property>
</record>
<record>
  <date>2024-08-21T08:33:06.551782Z</date>
  <millis>1724229186551</millis>
  <nanos>782000</nanos>
  <sequence>2</sequence>
  <level>RUN_DATA</level>
  <class>com.kms.katalon.core.logging.XmlKeywordLogger</class>
  <method>logMessage</method>
  <thread>1</thread>
  <message>os = Mac OS X 64bit</message>
  <nestedLevel>0</nestedLevel>
  <escapedJava>false</escapedJava>
  <property name="os">Mac OS X 64bit</property>
</record>
<record>
  <date>2024-08-21T08:33:06.551972Z</date>
  <millis>1724229186551</millis>
  <nanos>972000</nanos>
  <sequence>3</sequence>
  <level>RUN_DATA</level>
  <class>com.kms.katalon.core.logging.XmlKeywordLogger</class>
  <method>logMessage</method>
  <thread>1</thread>
  <message>hostAddress = 127.0.0.1</message>
  <nestedLevel>0</nestedLevel>
  <escapedJava>false</escapedJava>
  <property name="hostAddress">127.0.0.1</property>
</record>
<record>
  <date>2024-08-21T08:33:06.552187Z</date>
  <millis>1724229186552</millis>
  <nanos>187000</nanos>
  <sequence>4</sequence>
  <level>RUN_DATA</level>
  <class>com.kms.katalon.core.logging.XmlKeywordLogger</class>
  <method>logMessage</method>
  <thread>1</thread>
  <message>katalonVersion = 9.6.0.217</message>
  <nestedLevel>0</nestedLevel>
  <escapedJava>false</escapedJava>
  <property name="katalonVersion">9.6.0.217</property>
</record>
<record>
  <date>2024-08-21T08:33:06.594133Z</date>
  <millis>1724229186594</millis>
  <nanos>133000</nanos>
  <sequence>5</sequence>
  <level>START</level>
  <class>com.kms.katalon.core.logging.XmlKeywordLogger</class>
  <method>startTest</method>
  <thread>1</thread>
  <message>Start Test Case : Test Cases/TC1</message>
  <nestedLevel>1</nestedLevel>
  <escapedJava>false</escapedJava>
  <property name="remainingRetryCount">3</property>
  <property name="name">Test Cases/TC1</property>
  <property name="description"></property>
  <property name="iteration"></property>
  <property name="id">Test Cases/TC1</property>
  <property name="source">\Users\phamvanbinh\Documents\testkatalon\testkatalon\Test Cases\TC1.tc</property>
  <property name="tag"></property>
  <property name="isOptional">false</property>
  <property name="currentRetryCount">0</property>
</record>
<record>
  <date>2024-08-21T08:33:06.676284Z</date>
  <millis>1724229186676</millis>
  <nanos>284000</nanos>
  <sequence>7</sequence>
  <level>START</level>
  <class>com.kms.katalon.core.logging.XmlKeywordLogger</class>
  <method>startKeyword</method>
  <thread>1</thread>
  <message>Start action : openBrowser(&amp;quot;https://google.com&amp;quot;)</message>
  <nestedLevel>1</nestedLevel>
  <escapedJava>false</escapedJava>
  <property name="startLine">20</property>
  <property name="stepIndex">1</property>
</record>
<record>
  <date>2024-08-21T08:33:06.768802Z</date>
  <millis>1724229186768</millis>
  <nanos>802000</nanos>
  <sequence>9</sequence>
  <level>INFO</level>
  <class>com.kms.katalon.core.logging.XmlKeywordLogger</class>
  <method>logMessage</method>
  <thread>1</thread>
  <message>User set preference: [&amp;apos;os&amp;apos;, &amp;apos;windows&amp;apos;]</message>
  <nestedLevel>1</nestedLevel>
  <escapedJava>false</escapedJava>
</record>
<record>
  <date>2024-08-21T08:33:06.769149Z</date>
  <millis>1724229186769</millis>
  <nanos>149000</nanos>
  <sequence>10</sequence>
  <level>INFO</level>
  <class>com.kms.katalon.core.logging.XmlKeywordLogger</class>
  <method>logMessage</method>
  <thread>1</thread>
  <message>User set preference: [&amp;apos;browserVersion&amp;apos;, &amp;apos;127&amp;apos;]</message>
  <nestedLevel>1</nestedLevel>
  <escapedJava>false</escapedJava>
</record>
<record>
  <date>2024-08-21T08:33:06.769333Z</date>
  <millis>1724229186769</millis>
  <nanos>333000</nanos>
  <sequence>11</sequence>
  <level>INFO</level>
  <class>com.kms.katalon.core.logging.XmlKeywordLogger</class>
  <method>logMessage</method>
  <thread>1</thread>
  <message>User set preference: [&amp;apos;browserName&amp;apos;, &amp;apos;chrome&amp;apos;]</message>
  <nestedLevel>1</nestedLevel>
  <escapedJava>false</escapedJava>
</record>
<record>
  <date>2024-08-21T08:33:06.769512Z</date>
  <millis>1724229186769</millis>
  <nanos>512000</nanos>
  <sequence>12</sequence>
  <level>INFO</level>
  <class>com.kms.katalon.core.logging.XmlKeywordLogger</class>
  <method>logMessage</method>
  <thread>1</thread>
  <message>User set preference: [&amp;apos;katalon:option&amp;apos;, &amp;apos;{organizationId=1616791, usingTunnel=false}&amp;apos;]</message>
  <nestedLevel>1</nestedLevel>
  <escapedJava>false</escapedJava>
</record>
<record>
  <date>2024-08-21T08:33:06.771486Z</date>
  <millis>1724229186771</millis>
  <nanos>486000</nanos>
  <sequence>13</sequence>
  <level>INFO</level>
  <class>com.kms.katalon.core.logging.XmlKeywordLogger</class>
  <method>logMessage</method>
  <thread>1</thread>
  <message>Connecting to remote web server &amp;apos;testcloud.katalon.com/hub&amp;apos; with type &amp;apos;Selenium&amp;apos;</message>
  <nestedLevel>1</nestedLevel>
  <escapedJava>false</escapedJava>
</record>
<record>
  <date>2024-08-21T08:33:06.844141Z</date>
  <millis>1724229186844</millis>
  <nanos>141000</nanos>
  <sequence>14</sequence>
  <level>INFO</level>
  <class>com.kms.katalon.core.logging.XmlKeywordLogger</class>
  <method>logMessage</method>
  <thread>1</thread>
  <message>Action delay is set to 0 milliseconds</message>
  <nestedLevel>1</nestedLevel>
  <escapedJava>false</escapedJava>
</record>
<record>
  <date>2024-08-21T08:33:54.177622Z</date>
  <millis>1724229234177</millis>
  <nanos>622000</nanos>
  <sequence>16</sequence>
  <level>RUN_DATA</level>
  <class>com.kms.katalon.core.logging.XmlKeywordLogger</class>
  <method>logMessage</method>
  <thread>1</thread>
  <message>remoteDriverUrl = testcloud.katalon.com/hub</message>
  <nestedLevel>1</nestedLevel>
  <escapedJava>false</escapedJava>
  <property name="remoteDriverUrl">testcloud.katalon.com/hub</property>
</record>
<record>
  <date>2024-08-21T08:33:54.179013Z</date>
  <millis>1724229234179</millis>
  <nanos>13000</nanos>
  <sequence>17</sequence>
  <level>RUN_DATA</level>
  <class>com.kms.katalon.core.logging.XmlKeywordLogger</class>
  <method>logMessage</method>
  <thread>1</thread>
  <message>remoteOS = Windows</message>
  <nestedLevel>1</nestedLevel>
  <escapedJava>false</escapedJava>
  <property name="remoteOS">Windows</property>
</record>
<record>
  <date>2024-08-21T08:33:54.186652Z</date>
  <millis>1724229234186</millis>
  <nanos>652000</nanos>
  <sequence>18</sequence>
  <level>RUN_DATA</level>
  <class>com.kms.katalon.core.logging.XmlKeywordLogger</class>
  <method>logMessage</method>
  <thread>1</thread>
  <message>desiredCapabilities = {
  &amp;quot;timeouts&amp;quot;: {
    &amp;quot;implicit&amp;quot;: 0,
    &amp;quot;pageLoad&amp;quot;: 300000,
    &amp;quot;script&amp;quot;: 30000
  },
  &amp;quot;se:cdpEnabled&amp;quot;: false,
  &amp;quot;platform&amp;quot;: &amp;quot;WINDOWS&amp;quot;,
  &amp;quot;goog:chromeOptions&amp;quot;: {
    &amp;quot;debuggerAddress&amp;quot;: &amp;quot;localhost:9225&amp;quot;
  },
  &amp;quot;webauthn:extension:credBlob&amp;quot;: true,
  &amp;quot;acceptInsecureCerts&amp;quot;: false,
  &amp;quot;browserVersion&amp;quot;: &amp;quot;127.0.0.0&amp;quot;,
  &amp;quot;fedcm:accounts&amp;quot;: true,
  &amp;quot;kt:requestId&amp;quot;: &amp;quot;b76b831f-7574-4c9e-a890-a2edea7069e3&amp;quot;,
  &amp;quot;browserName&amp;quot;: &amp;quot;chrome&amp;quot;,
  &amp;quot;javascriptEnabled&amp;quot;: true,
  &amp;quot;katalon:option&amp;quot;: {
    &amp;quot;executionSessionId&amp;quot;: &amp;quot;b76b831f-7574-4c9e-a890-a2edea7069e3&amp;quot;,
    &amp;quot;userId&amp;quot;: 1571139,
    &amp;quot;organizationId&amp;quot;: &amp;quot;1616791&amp;quot;,
    &amp;quot;executionId&amp;quot;: &amp;quot;46da4a2c-bbce-4462-b3ba-e05fdfee6403&amp;quot;,
    &amp;quot;runFromTestCloud&amp;quot;: true,
    &amp;quot;usingTunnel&amp;quot;: false
  },
  &amp;quot;platformName&amp;quot;: &amp;quot;WINDOWS&amp;quot;,
  &amp;quot;setWindowRect&amp;quot;: true,
  &amp;quot;webauthn:extension:largeBlob&amp;quot;: true,
  &amp;quot;networkConnectionEnabled&amp;quot;: false,
  &amp;quot;chrome&amp;quot;: {
    &amp;quot;chromedriverVersion&amp;quot;: &amp;quot;127.0.6533.57 (d4459446bf8a5dbb9ba3b4a3675f9b4361323538-refs/branch-heads/6533@{#1561})&amp;quot;,
    &amp;quot;userDataDir&amp;quot;: &amp;quot;C:\\Program Files (x86)\\scoped_dir6176_319702608&amp;quot;
  },
  &amp;quot;kt:rid&amp;quot;: &amp;quot;b76b831f-7574-4c9e-a890-a2edea7069e3&amp;quot;,
  &amp;quot;pageLoadStrategy&amp;quot;: &amp;quot;normal&amp;quot;,
  &amp;quot;unhandledPromptBehavior&amp;quot;: &amp;quot;dismiss and notify&amp;quot;,
  &amp;quot;strictFileInteractability&amp;quot;: false,
  &amp;quot;***:loadExtension&amp;quot;: [
    &amp;quot;https://prod-magicleap-user-files-us-east-1-v1.s3.amazonaws.com/extensions/orgId-691279/SmartWait.zip&amp;quot;
  ],
  &amp;quot;se:bidiEnabled&amp;quot;: false,
  &amp;quot;proxy&amp;quot;: {
    &amp;quot;proxyType&amp;quot;: &amp;quot;UNSPECIFIED&amp;quot;,
    &amp;quot;autodetect&amp;quot;: false
  },
  &amp;quot;webauthn:extension:minPinLength&amp;quot;: true,
  &amp;quot;webauthn:extension:prf&amp;quot;: true,
  &amp;quot;webauthn:virtualAuthenticators&amp;quot;: true
}</message>
  <nestedLevel>1</nestedLevel>
  <escapedJava>false</escapedJava>
  <property name="desiredCapabilities">{
  &quot;timeouts&quot;: {
    &quot;implicit&quot;: 0,
    &quot;pageLoad&quot;: 300000,
    &quot;script&quot;: 30000
  },
  &quot;se:cdpEnabled&quot;: false,
  &quot;platform&quot;: &quot;WINDOWS&quot;,
  &quot;goog:chromeOptions&quot;: {
    &quot;debuggerAddress&quot;: &quot;localhost:9225&quot;
  },
  &quot;webauthn:extension:credBlob&quot;: true,
  &quot;acceptInsecureCerts&quot;: false,
  &quot;browserVersion&quot;: &quot;127.0.0.0&quot;,
  &quot;fedcm:accounts&quot;: true,
  &quot;kt:requestId&quot;: &quot;b76b831f-7574-4c9e-a890-a2edea7069e3&quot;,
  &quot;browserName&quot;: &quot;chrome&quot;,
  &quot;javascriptEnabled&quot;: true,
  &quot;katalon:option&quot;: {
    &quot;executionSessionId&quot;: &quot;b76b831f-7574-4c9e-a890-a2edea7069e3&quot;,
    &quot;userId&quot;: 1571139,
    &quot;organizationId&quot;: &quot;1616791&quot;,
    &quot;executionId&quot;: &quot;46da4a2c-bbce-4462-b3ba-e05fdfee6403&quot;,
    &quot;runFromTestCloud&quot;: true,
    &quot;usingTunnel&quot;: false
  },
  &quot;platformName&quot;: &quot;WINDOWS&quot;,
  &quot;setWindowRect&quot;: true,
  &quot;webauthn:extension:largeBlob&quot;: true,
  &quot;networkConnectionEnabled&quot;: false,
  &quot;chrome&quot;: {
    &quot;chromedriverVersion&quot;: &quot;127.0.6533.57 (d4459446bf8a5dbb9ba3b4a3675f9b4361323538-refs/branch-heads/6533@{#1561})&quot;,
    &quot;userDataDir&quot;: &quot;C:\\Program Files (x86)\\scoped_dir6176_319702608&quot;
  },
  &quot;kt:rid&quot;: &quot;b76b831f-7574-4c9e-a890-a2edea7069e3&quot;,
  &quot;pageLoadStrategy&quot;: &quot;normal&quot;,
  &quot;unhandledPromptBehavior&quot;: &quot;dismiss and notify&quot;,
  &quot;strictFileInteractability&quot;: false,
  &quot;***:loadExtension&quot;: [
    &quot;https://prod-magicleap-user-files-us-east-1-v1.s3.amazonaws.com/extensions/orgId-691279/SmartWait.zip&quot;
  ],
  &quot;se:bidiEnabled&quot;: false,
  &quot;proxy&quot;: {
    &quot;proxyType&quot;: &quot;UNSPECIFIED&quot;,
    &quot;autodetect&quot;: false
  },
  &quot;webauthn:extension:minPinLength&quot;: true,
  &quot;webauthn:extension:prf&quot;: true,
  &quot;webauthn:virtualAuthenticators&quot;: true
}</property>
</record>
<record>
  <date>2024-08-21T08:33:54.189397Z</date>
  <millis>1724229234189</millis>
  <nanos>397000</nanos>
  <sequence>19</sequence>
  <level>RUN_DATA</level>
  <class>com.kms.katalon.core.logging.XmlKeywordLogger</class>
  <method>logMessage</method>
  <thread>1</thread>
  <message>sessionId = ebcfcd669d4e63dc241a6ba3f8835b3a</message>
  <nestedLevel>1</nestedLevel>
  <escapedJava>false</escapedJava>
  <property name="sessionId">ebcfcd669d4e63dc241a6ba3f8835b3a</property>
</record>
<record>
  <date>2024-08-21T08:33:54.534671Z</date>
  <millis>1724229234534</millis>
  <nanos>671000</nanos>
  <sequence>20</sequence>
  <level>RUN_DATA</level>
  <class>com.kms.katalon.core.logging.XmlKeywordLogger</class>
  <method>logMessage</method>
  <thread>1</thread>
  <message>browser = Chrome 127.0.0.0</message>
  <nestedLevel>1</nestedLevel>
  <escapedJava>false</escapedJava>
  <property name="browser">Chrome 127.0.0.0</property>
</record>
<record>
  <date>2024-08-21T08:33:54.535989Z</date>
  <millis>1724229234535</millis>
  <nanos>989000</nanos>
  <sequence>21</sequence>
  <level>RUN_DATA</level>
  <class>com.kms.katalon.core.logging.XmlKeywordLogger</class>
  <method>logMessage</method>
  <thread>1</thread>
  <message>platform = Mac OS X</message>
  <nestedLevel>1</nestedLevel>
  <escapedJava>false</escapedJava>
  <property name="platform">Mac OS X</property>
</record>
<record>
  <date>2024-08-21T08:33:54.536480Z</date>
  <millis>1724229234536</millis>
  <nanos>480000</nanos>
  <sequence>22</sequence>
  <level>RUN_DATA</level>
  <class>com.kms.katalon.core.logging.XmlKeywordLogger</class>
  <method>logMessage</method>
  <thread>1</thread>
  <message>seleniumVersion = 3.141.59</message>
  <nestedLevel>1</nestedLevel>
  <escapedJava>false</escapedJava>
  <property name="seleniumVersion">3.141.59</property>
</record>
<record>
  <date>2024-08-21T08:33:54.537521Z</date>
  <millis>1724229234537</millis>
  <nanos>521000</nanos>
  <sequence>23</sequence>
  <level>RUN_DATA</level>
  <class>com.kms.katalon.core.logging.XmlKeywordLogger</class>
  <method>logMessage</method>
  <thread>1</thread>
  <message>proxyInformation = ProxyInformation { proxyOption=NO_PROXY, proxyServerType=HTTP, username=, password=********, proxyServerAddress=, proxyServerPort=0, executionList=&amp;quot;&amp;quot;, isApplyToDesiredCapabilities=true }</message>
  <nestedLevel>1</nestedLevel>
  <escapedJava>false</escapedJava>
  <property name="proxyInformation">ProxyInformation { proxyOption=NO_PROXY, proxyServerType=HTTP, username=, password=********, proxyServerAddress=, proxyServerPort=0, executionList=&quot;&quot;, isApplyToDesiredCapabilities=true }</property>
</record>
<record>
  <date>2024-08-21T08:33:55.728458Z</date>
  <millis>1724229235728</millis>
  <nanos>458000</nanos>
  <sequence>25</sequence>
  <level>PASSED</level>
  <class>com.kms.katalon.core.logging.XmlKeywordLogger</class>
  <method>logMessage</method>
  <thread>1</thread>
  <message>Browser is opened with url: &amp;apos;https://google.com&amp;apos;</message>
  <nestedLevel>1</nestedLevel>
  <escapedJava>false</escapedJava>
  <property name="testops-method-name">com.kms.katalon.core.webui.keyword.builtin.OpenBrowserKeyword.openBrowser</property>
  <property name="testops-execution-stacktrace"></property>
</record>
<record>
  <date>2024-08-21T08:33:55.729494Z</date>
  <millis>1724229235729</millis>
  <nanos>494000</nanos>
  <sequence>26</sequence>
  <level>END</level>
  <class>com.kms.katalon.core.logging.XmlKeywordLogger</class>
  <method>endKeyword</method>
  <thread>1</thread>
  <message>End action : openBrowser(&amp;quot;https://google.com&amp;quot;)</message>
  <nestedLevel>1</nestedLevel>
  <escapedJava>false</escapedJava>
</record>
<record>
  <date>2024-08-21T08:33:55.729987Z</date>
  <millis>1724229235729</millis>
  <nanos>987000</nanos>
  <sequence>27</sequence>
  <level>PASSED</level>
  <class>com.kms.katalon.core.logging.XmlKeywordLogger</class>
  <method>logMessage</method>
  <thread>1</thread>
  <message>Test Cases/TC1</message>
  <nestedLevel>1</nestedLevel>
  <escapedJava>false</escapedJava>
</record>
<record>
  <date>2024-08-21T08:33:55.731277Z</date>
  <millis>1724229235731</millis>
  <nanos>277000</nanos>
  <sequence>28</sequence>
  <level>END</level>
  <class>com.kms.katalon.core.logging.XmlKeywordLogger</class>
  <method>endTest</method>
  <thread>1</thread>
  <message>End Test Case : Test Cases/TC1</message>
  <nestedLevel>0</nestedLevel>
  <escapedJava>false</escapedJava>
  <property name="executionBindingVariables">[]</property>
  <property name="applitools">false</property>
  <property name="remainingRetryCount">3</property>
  <property name="currentRetryCount">0</property>
  <property name="keywordsUsage">{
  &quot;web_ui&quot;: true,
  &quot;web_service&quot;: false,
  &quot;cucumber&quot;: false,
  &quot;builtin&quot;: false,
  &quot;mobile&quot;: false,
  &quot;windows&quot;: false,
  &quot;testng&quot;: false
}</property>
</record>
<record>
  <date>2024-08-21T08:33:55.735298Z</date>
  <millis>1724229235735</millis>
  <nanos>298000</nanos>
  <sequence>29</sequence>
  <level>START</level>
  <class>com.kms.katalon.core.logging.XmlKeywordLogger</class>
  <method>startKeyword</method>
  <thread>1</thread>
  <message>Start listener action : exportKatalonReports</message>
  <nestedLevel>0</nestedLevel>
  <escapedJava>false</escapedJava>
</record>
<record>
  <date>2024-08-21T08:33:55.811173Z</date>
  <millis>1724229235811</millis>
  <nanos>173000</nanos>
  <sequence>83</sequence>
  <level>INFO</level>
  <class>com.kms.katalon.core.logging.XmlKeywordLogger</class>
  <method>logMessage</method>
  <thread>1</thread>
  <message>Start generating HTML report folder at: /Users/phamvanbinh/Documents/testkatalon/testkatalon/Reports/20240821_153302/TS1/20240821_153302...</message>
  <nestedLevel>0</nestedLevel>
  <escapedJava>false</escapedJava>
</record>
<record>
  <date>2024-08-21T08:33:55.886115Z</date>
  <millis>1724229235886</millis>
  <nanos>115000</nanos>
  <sequence>84</sequence>
  <level>INFO</level>
  <class>com.kms.katalon.core.logging.XmlKeywordLogger</class>
  <method>logMessage</method>
  <thread>1</thread>
  <message>HTML report generated</message>
  <nestedLevel>0</nestedLevel>
  <escapedJava>false</escapedJava>
</record>
<record>
  <date>2024-08-21T08:33:55.886340Z</date>
  <millis>1724229235886</millis>
  <nanos>340000</nanos>
  <sequence>85</sequence>
  <level>INFO</level>
  <class>com.kms.katalon.core.logging.XmlKeywordLogger</class>
  <method>logMessage</method>
  <thread>1</thread>
  <message>Start generating CSV report folder at: /Users/phamvanbinh/Documents/testkatalon/testkatalon/Reports/20240821_153302/TS1/20240821_153302...</message>
  <nestedLevel>0</nestedLevel>
  <escapedJava>false</escapedJava>
</record>
<record>
  <date>2024-08-21T08:33:55.890880Z</date>
  <millis>1724229235890</millis>
  <nanos>880000</nanos>
  <sequence>86</sequence>
  <level>INFO</level>
  <class>com.kms.katalon.core.logging.XmlKeywordLogger</class>
  <method>logMessage</method>
  <thread>1</thread>
  <message>CSV report generated</message>
  <nestedLevel>0</nestedLevel>
  <escapedJava>false</escapedJava>
</record>
<record>
  <date>2024-08-21T08:33:55.892198Z</date>
  <millis>1724229235892</millis>
  <nanos>198000</nanos>
  <sequence>88</sequence>
  <level>END</level>
  <class>com.kms.katalon.core.logging.XmlKeywordLogger</class>
  <method>endKeyword</method>
  <thread>1</thread>
  <message>End listener action : exportKatalonReports</message>
  <nestedLevel>0</nestedLevel>
  <escapedJava>false</escapedJava>
</record>
<record>
  <date>2024-08-21T08:33:56.894588Z</date>
  <millis>1724229236894</millis>
  <nanos>588000</nanos>
  <sequence>89</sequence>
  <level>END</level>
  <class>com.kms.katalon.core.logging.XmlKeywordLogger</class>
  <method>endSuite</method>
  <thread>1</thread>
  <message>End Test Suite : Test Suites/TS1</message>
  <nestedLevel>0</nestedLevel>
  <escapedJava>false</escapedJava>
</record>
</log>
